SmartwatchAdministrator/smartwatchAdministrator/build/outputs/apk/manifest-merger-debug-report.txt
-- Merging decision tree log ---
manifest
ADDED from AndroidManifest.xml:2:1
	xmlns:android
		ADDED from AndroidManifest.xml:2:11
	package
		ADDED from AndroidManifest.xml:3:5
		INJECTED from AndroidManifest.xml:0:0
		INJECTED from AndroidManifest.xml:0:0
	android:versionName
		ADDED from AndroidManifest.xml:5:5
	android:versionCode
		ADDED from AndroidManifest.xml:4:5
		INJECTED from AndroidManifest.xml:0:0
		INJECTED from AndroidManifest.xml:0:0
permission#com.illusivemen.smartwatchadministrator.permission.MAPS_RECEIVE
ADDED from AndroidManifest.xml:7:5
	android:protectionLevel
		ADDED from AndroidManifest.xml:9:9
	android:name
		ADDED from AndroidManifest.xml:8:9
uses-permission#com.illusivemen.smartwatchadministrator.permission.MAPS_RECEIVE
ADDED from AndroidManifest.xml:10:5
	android:name
		ADDED from AndroidManifest.xml:10:22
uses-sdk
ADDED from AndroidManifest.xml:12:5
MERGED from SmartwatchAdministrator:smartwatchcommon_lib:unspecified:7:5
MERGED from com.android.support:support-v4:21.0.0:15:5
MERGED from com.google.android.gms:play-services:6.5.87:18:5
MERGED from com.android.support:support-v4:21.0.0:15:5
MERGED from com.android.support:support-v4:21.0.0:15:5
MERGED from com.google.android.gms:play-services:6.5.87:18:5
MERGED from com.android.support:support-v4:21.0.0:15:5
	android:targetSdkVersion
		ADDED from AndroidManifest.xml:14:9
		INJECTED from AndroidManifest.xml:0:0
		INJECTED from AndroidManifest.xml:0:0
	android:minSdkVersion
		ADDED from AndroidManifest.xml:13:9
		INJECTED from AndroidManifest.xml:0:0
		INJECTED from AndroidManifest.xml:0:0
uses-permission#android.permission.ACCESS_NETWORK_STATE
ADDED from AndroidManifest.xml:16:5
	android:name
		ADDED from AndroidManifest.xml:16:22
uses-permission#android.permission.INTERNET
ADDED from AndroidManifest.xml:17:5
	android:name
		ADDED from AndroidManifest.xml:17:22
uses-permission#com.google.android.providers.gsf.permission.READ_GSERVICES
ADDED from AndroidManifest.xml:18:5
	android:name
		ADDED from AndroidManifest.xml:18:22
uses-permission#android.permission.WRITE_EXTERNAL_STORAGE
ADDED from AndroidManifest.xml:19:5
	android:name
		ADDED from AndroidManifest.xml:19:22
uses-permission#android.permission.ACCESS_COARSE_LOCATION
ADDED from AndroidManifest.xml:22:5
	android:name
		ADDED from AndroidManifest.xml:22:22
uses-permission#android.permission.ACCESS_FINE_LOCATION
ADDED from AndroidManifest.xml:23:5
	android:name
		ADDED from AndroidManifest.xml:23:22
uses-permission#android.permission.CALL_PHONE
ADDED from AndroidManifest.xml:26:5
	android:name
		ADDED from AndroidManifest.xml:26:22
uses-permission#android.permission.SEND_SMS
ADDED from AndroidManifest.xml:29:5
	android:name
		ADDED from AndroidManifest.xml:29:22
uses-feature#0x00020000
ADDED from AndroidManifest.xml:32:5
	android:required
		ADDED from AndroidManifest.xml:34:9
	android:glEsVersion
		ADDED from AndroidManifest.xml:33:9
application
ADDED from AndroidManifest.xml:41:5
MERGED from SmartwatchAdministrator:smartwatchcommon_lib:unspecified:16:5
MERGED from com.android.support:support-v4:21.0.0:16:5
MERGED from com.google.android.gms:play-services:6.5.87:20:5
MERGED from com.android.support:support-v4:21.0.0:16:5
MERGED from com.android.support:support-v4:21.0.0:16:5
MERGED from com.google.android.gms:play-services:6.5.87:20:5
MERGED from com.android.support:support-v4:21.0.0:16:5
	android:label
		ADDED from AndroidManifest.xml:44:9
	android:allowBackup
		ADDED from AndroidManifest.xml:42:9
	android:icon
		ADDED from AndroidManifest.xml:43:9
	android:theme
		ADDED from AndroidManifest.xml:45:9
activity#com.illusivemen.smartwatchadministrator.MainMenu
ADDED from AndroidManifest.xml:46:9
	android:label
		ADDED from AndroidManifest.xml:48:13
	android:name
		ADDED from AndroidManifest.xml:47:13
intent-filter#android.intent.action.MAIN+android.intent.category.LAUNCHER
ADDED from AndroidManifest.xml:49:13
action#android.intent.action.MAIN
ADDED from AndroidManifest.xml:50:17
	android:name
		ADDED from AndroidManifest.xml:50:25
category#android.intent.category.LAUNCHER
ADDED from AndroidManifest.xml:52:17
	android:name
		ADDED from AndroidManifest.xml:52:27
activity#com.illusivemen.maps.AdminGoogleMapping
ADDED from AndroidManifest.xml:55:9
	android:windowSoftInputMode
		ADDED from AndroidManifest.xml:58:13
	android:label
		ADDED from AndroidManifest.xml:57:13
	android:name
		ADDED from AndroidManifest.xml:56:13
activity#com.illusivemen.smartwatchadministrator.CallSmartWatch
ADDED from AndroidManifest.xml:60:9
	android:label
		ADDED from AndroidManifest.xml:62:13
	android:name
		ADDED from AndroidManifest.xml:61:13
activity#com.illusivemen.checkin.PatientCheckIn
ADDED from AndroidManifest.xml:64:10
	android:name
		ADDED from AndroidManifest.xml:65:13
activity#com.illusivemen.patients.MyPatients
ADDED from AndroidManifest.xml:67:9
	android:name
		ADDED from AndroidManifest.xml:68:13
activity#com.illusivemen.patients.UpdatePatientProfile
ADDED from AndroidManifest.xml:70:9
	android:name
		ADDED from AndroidManifest.xml:71:13
activity#com.illusivemen.login.AdminLogIn
ADDED from AndroidManifest.xml:73:9
	android:name
		ADDED from AndroidManifest.xml:74:13
meta-data#com.google.android.maps.v2.API_KEY
ADDED from AndroidManifest.xml:77:9
	android:name
		ADDED from AndroidManifest.xml:78:13
	android:value
		ADDED from AndroidManifest.xml:79:13
meta-data#com.google.android.gms.version
ADDED from AndroidManifest.xml:80:9
MERGED from com.google.android.gms:play-services:6.5.87:21:9
MERGED from com.google.android.gms:play-services:6.5.87:21:9
	android:name
		ADDED from AndroidManifest.xml:81:13
	android:value
		ADDED from AndroidManifest.xml:82:13
uses-library#android.test.runner
ADDED from AndroidManifest.xml:84:9
MERGED from SmartwatchAdministrator:smartwatchcommon_lib:unspecified:23:9
	android:name
		ADDED from AndroidManifest.xml:84:23
activity#com.illusivemen.reminder.CalendarReminder
ADDED from AndroidManifest.xml:86:9
	android:label
		ADDED from AndroidManifest.xml:88:13
	android:name
		ADDED from AndroidManifest.xml:87:13
service#com.illusivemen.service.NotificationService
ADDED from AndroidManifest.xml:92:9
	android:exported
		ADDED from AndroidManifest.xml:94:13
	android:name
		ADDED from AndroidManifest.xml:93:13
instrumentation#android.test.InstrumentationTestRunner
ADDED from SmartwatchAdministrator:smartwatchcommon_lib:unspecified:12:5
	android:targetPackage
		ADDED from SmartwatchAdministrator:smartwatchcommon_lib:unspecified:14:9
	android:name
		ADDED from SmartwatchAdministrator:smartwatchcommon_lib:unspecified:13:9